2024-03-15 21:12:25,329 WARNING: Authentication failed for non-existent user: JuanC
2024-03-15 21:12:34,299 WARNING: Authentication failed for non-existent user: JuanC
2024-03-15 21:13:52,965 INFO: User JoseC authenticated successfully
2024-03-15 21:13:52,966 ERROR: Error generating JWT token for user ID: 5 - Expected a string value
2024-03-15 21:13:56,179 INFO: User JoseC authenticated successfully
2024-03-15 21:13:56,179 ERROR: Error generating JWT token for user ID: 5 - Expected a string value
2024-03-15 21:13:57,035 INFO: User JoseC authenticated successfully
2024-03-15 21:13:57,037 ERROR: Error generating JWT token for user ID: 5 - Expected a string value
2024-03-15 21:16:15,560 INFO: User JoseC authenticated successfully
2024-03-15 21:16:15,578 ERROR: Error generating JWT token for user ID: 5 - Expected a string value
2024-03-15 21:17:21,879 INFO: User JoseC authenticated successfully
2024-03-15 21:17:21,879 ERROR: Error generating JWT token for user ID: 5 - Expected a string value
2024-03-15 21:19:11,041 INFO: User JoseC authenticated successfully
2024-03-15 21:19:11,041 ERROR: Error generating JWT token for user ID: 5 - Expected a string value
2024-03-15 21:19:28,613 INFO: User GonzaloLindo authenticated successfully
2024-03-15 21:19:28,615 ERROR: Error generating JWT token for user ID: 3 - Expected a string value
2024-03-15 21:21:37,721 INFO: User GonzaloLindo authenticated successfully
2024-03-15 21:21:37,721 ERROR: Error generating JWT token for user ID: 3 - Expected a string value
2024-03-15 21:25:42,440 INFO: User GonzaloLindo authenticated successfully
2024-03-15 21:25:42,440 ERROR: Error generating JWT token for user ID: 3 - Expected a string value
2024-03-15 21:31:45,525 INFO: User GonzaloLindo authenticated successfully
2024-03-15 21:31:45,525 ERROR: Error generating JWT token for user ID: 3 - Token generation failed. Expected bytes, got something else.
2024-03-15 21:34:40,062 INFO: User GonzaloLindo authenticated successfully
2024-03-15 21:34:40,065 ERROR: Error generating JWT token for user ID: 3 - 'bytes' object has no attribute 'encode'
2024-03-15 21:35:34,308 INFO: User GonzaloLindo authenticated successfully
2024-03-15 21:35:34,319 ERROR: Error generating JWT token for user ID: 3 - Token generation failed. Expected bytes, got something else.
2024-03-15 21:39:53,663 INFO: User GonzaloLindo authenticated successfully
2024-03-15 21:39:53,663 ERROR: Error generating JWT token for user ID: 3 - Token generation failed. Expected bytes, got something else.
2024-03-15 21:45:13,661 INFO: User GonzaloLindo authenticated successfully
2024-03-15 21:45:13,661 ERROR: Error generating JWT token for user ID: 3 - Token generation failed. Expected bytes, got something else.
2024-03-15 21:50:38,976 INFO: User JoseC authenticated successfully
2024-03-15 21:50:38,976 ERROR: Error generating JWT token for user ID: 5 - Token generation failed. Expected bytes, got something else.
2024-03-15 21:54:56,868 INFO: User GonzaloLindo authenticated successfully
2024-03-15 21:54:56,883 ERROR: Error generating JWT token for user ID: 3 - Token generation failed. Expected bytes, got something else.
2024-03-15 22:00:11,699 INFO: User GonzaloLindo authenticated successfully
2024-03-15 22:00:11,702 ERROR: Error generating JWT token for user ID: 3 - Token generation failed. Expected bytes, got something else.
2024-03-15 22:02:18,204 INFO: User GonzaloLindo authenticated successfully
2024-03-15 22:02:18,220 ERROR: Error generating JWT token for user ID: 3 - Token generation failed. Expected bytes, got something else.
2024-03-15 22:03:50,311 INFO: User GonzaloLindo authenticated successfully
2024-03-15 22:03:50,328 ERROR: Error generating JWT token for user ID: 3 - Token generation failed. Expected bytes, got something else.
2024-03-15 22:03:54,212 INFO: User GonzaloLindo authenticated successfully
2024-03-15 22:03:54,213 ERROR: Error generating JWT token for user ID: 3 - Token generation failed. Expected bytes, got something else.
2024-03-15 22:03:55,099 INFO: User GonzaloLindo authenticated successfully
2024-03-15 22:03:55,099 ERROR: Error generating JWT token for user ID: 3 - Token generation failed. Expected bytes, got something else.
2024-03-15 22:08:58,967 WARNING: Authentication failed for non-existent user: Yosef10
2024-03-15 22:09:07,844 WARNING: Authentication failed for non-existent user: Yosef10
2024-03-15 22:09:08,545 WARNING: Authentication failed for non-existent user: Yosef10
2024-03-15 22:09:51,034 INFO: User Yosef1 authenticated successfully
2024-03-15 22:09:51,034 INFO: JWT token generated for user ID: 7
2024-03-15 22:09:51,034 ERROR: Exception on /login [POST]
Traceback (most recent call last):
  File "c:\users\usuario\sportapp-2\venv\lib\site-packages\flask\app.py", line 870, in full_dispatch_request
    rv = self.dispatch_request()
  File "c:\users\usuario\sportapp-2\venv\lib\site-packages\flask\app.py", line 855, in dispatch_request
    return self.ensure_sync(self.view_functions[rule.endpoint])(**view_args)  # type: ignore[no-any-return]
  File "c:\users\usuario\sportapp-2\venv\lib\site-packages\flask_restful\__init__.py", line 493, in wrapper
    return self.make_response(data, code, headers=headers)
  File "c:\users\usuario\sportapp-2\venv\lib\site-packages\flask_restful\__init__.py", line 522, in make_response
    resp = self.representations[mediatype](data, *args, **kwargs)
  File "c:\users\usuario\sportapp-2\venv\lib\site-packages\flask_restful\representations\json.py", line 21, in output_json
    dumped = dumps(data, **settings) + "\n"
  File "C:\Users\Usuario\AppData\Local\Programs\Python\Python39\lib\json\__init__.py", line 231, in dumps
    return _default_encoder.encode(obj)
  File "C:\Users\Usuario\AppData\Local\Programs\Python\Python39\lib\json\encoder.py", line 199, in encode
    chunks = self.iterencode(o, _one_shot=True)
  File "C:\Users\Usuario\AppData\Local\Programs\Python\Python39\lib\json\encoder.py", line 257, in iterencode
    return _iterencode(o, 0)
  File "C:\Users\Usuario\AppData\Local\Programs\Python\Python39\lib\json\encoder.py", line 179, in default
    raise TypeError(f'Object of type {o.__class__.__name__} '
TypeError: Object of type bytes is not JSON serializable
2024-03-15 22:11:26,501 INFO: User Yosef1 authenticated successfully
2024-03-15 22:11:26,503 INFO: JWT token generated for user ID: 7
2024-03-15 22:11:26,506 ERROR: Exception on /login [POST]
Traceback (most recent call last):
  File "c:\users\usuario\sportapp-2\venv\lib\site-packages\flask\app.py", line 870, in full_dispatch_request
    rv = self.dispatch_request()
  File "c:\users\usuario\sportapp-2\venv\lib\site-packages\flask\app.py", line 855, in dispatch_request
    return self.ensure_sync(self.view_functions[rule.endpoint])(**view_args)  # type: ignore[no-any-return]
  File "c:\users\usuario\sportapp-2\venv\lib\site-packages\flask_restful\__init__.py", line 493, in wrapper
    return self.make_response(data, code, headers=headers)
  File "c:\users\usuario\sportapp-2\venv\lib\site-packages\flask_restful\__init__.py", line 522, in make_response
    resp = self.representations[mediatype](data, *args, **kwargs)
  File "c:\users\usuario\sportapp-2\venv\lib\site-packages\flask_restful\representations\json.py", line 21, in output_json
    dumped = dumps(data, **settings) + "\n"
  File "C:\Users\Usuario\AppData\Local\Programs\Python\Python39\lib\json\__init__.py", line 231, in dumps
    return _default_encoder.encode(obj)
  File "C:\Users\Usuario\AppData\Local\Programs\Python\Python39\lib\json\encoder.py", line 199, in encode
    chunks = self.iterencode(o, _one_shot=True)
  File "C:\Users\Usuario\AppData\Local\Programs\Python\Python39\lib\json\encoder.py", line 257, in iterencode
    return _iterencode(o, 0)
  File "C:\Users\Usuario\AppData\Local\Programs\Python\Python39\lib\json\encoder.py", line 179, in default
    raise TypeError(f'Object of type {o.__class__.__name__} '
TypeError: Object of type bytes is not JSON serializable
2024-03-15 22:17:34,258 INFO: User Yosef1 authenticated successfully
2024-03-15 22:17:34,273 INFO: JWT token generated for user ID: 7
2024-03-15 22:52:19,430 INFO: User Yosef1 authenticated successfully
2024-03-15 22:52:19,437 INFO: JWT token generated for user ID: 7
2024-03-15 22:57:47,495 WARNING: Authentication failed for non-existent user: 
2024-03-15 22:59:09,617 INFO: User Yosef1 authenticated successfully
2024-03-15 22:59:09,623 INFO: JWT token generated for user ID: 7
2024-03-15 23:06:58,773 INFO: User Yosef1 authenticated successfully
2024-03-15 23:06:58,785 INFO: JWT token generated for user ID: 7
2024-03-16 09:46:28,640 INFO: User Yosef1 authenticated successfully
2024-03-16 09:46:28,655 INFO: JWT token generated for user ID: 7
2024-03-16 10:52:00,235 INFO: User Yosef12 authenticated successfully
2024-03-16 10:52:00,239 INFO: JWT token generated for user ID: 8
